<?xml version="1.0" encoding="UTF-8"?>
<!-- Generated by org.testng.reporters.JUnitReportReporter -->
<testsuite skipped="0" hostname="NIT-WKS-0139" name="com.aparna.cucumber.TestRunnerWithTestNG" tests="1" failures="0" timestamp="01 Apr 2019 04:49:08 GMT" time="0.274" errors="0">
  <testcase name="feature" time="0.274" classname="com.aparna.cucumber.TestRunnerWithTestNG"/>
</testsuite> <!-- com.aparna.cucumber.TestRunnerWithTestNG -->
